2015-09-08 08:14:18,863 WARN org.apache.hadoop.util.NativeCodeLoader: Unable to load native-hadoop library for your platform... using builtin-java classes where applicable
2015-09-08 08:14:19,288 INFO org.apache.hadoop.conf.Configuration.deprecation: session.id is deprecated. Instead, use dfs.metrics.session-id
2015-09-08 08:14:19,289 INFO org.apache.hadoop.metrics.jvm.JvmMetrics: Initializing JVM Metrics with processName=JobTracker, sessionId=
2015-09-08 08:14:19,474 WARN org.apache.hadoop.security.UserGroupInformation: PriviledgedActionException as:cloudera (auth:SIMPLE) cause:org.apache.hadoop.mapred.InvalidJobConfException: Output directory not set.
2015-09-08 12:07:26,122 WARN org.apache.hadoop.util.NativeCodeLoader: Unable to load native-hadoop library for your platform... using builtin-java classes where applicable
2015-09-08 12:07:26,693 INFO org.apache.hadoop.conf.Configuration.deprecation: session.id is deprecated. Instead, use dfs.metrics.session-id
2015-09-08 12:07:26,694 INFO org.apache.hadoop.metrics.jvm.JvmMetrics: Initializing JVM Metrics with processName=JobTracker, sessionId=
2015-09-08 12:07:27,642 WARN org.apache.hadoop.mapreduce.JobSubmitter: Hadoop command-line option parsing not performed. Implement the Tool interface and execute your application with ToolRunner to remedy this.
2015-09-08 12:07:27,651 WARN org.apache.hadoop.mapreduce.JobSubmitter: No job jar file set.  User classes may not be found. See Job or Job#setJar(String).
2015-09-08 12:07:27,686 INFO org.apache.hadoop.mapreduce.lib.input.FileInputFormat: Total input paths to process : 1
2015-09-08 12:07:27,751 INFO org.apache.hadoop.mapreduce.JobSubmitter: number of splits:1
2015-09-08 12:07:27,988 INFO org.apache.hadoop.mapreduce.JobSubmitter: Submitting tokens for job: job_local1884166533_0001
2015-09-08 12:07:28,426 INFO org.apache.hadoop.mapreduce.Job: The url to track the job: http://localhost:8080/
2015-09-08 12:07:28,427 INFO org.apache.hadoop.mapreduce.Job: Running job: job_local1884166533_0001
2015-09-08 12:07:28,429 INFO org.apache.hadoop.mapred.LocalJobRunner: OutputCommitter set in config null
2015-09-08 12:07:28,436 INFO org.apache.hadoop.mapreduce.lib.output.FileOutputCommitter: File Output Committer Algorithm version is 1
2015-09-08 12:07:28,442 INFO org.apache.hadoop.mapred.LocalJobRunner: OutputCommitter is org.apache.hadoop.mapreduce.lib.output.FileOutputCommitter
2015-09-08 12:07:28,543 INFO org.apache.hadoop.mapred.LocalJobRunner: Waiting for map tasks
2015-09-08 12:07:28,544 INFO org.apache.hadoop.mapred.LocalJobRunner: Starting task: attempt_local1884166533_0001_m_000000_0
2015-09-08 12:07:28,610 INFO org.apache.hadoop.mapreduce.lib.output.FileOutputCommitter: File Output Committer Algorithm version is 1
2015-09-08 12:07:28,641 INFO org.apache.hadoop.mapred.Task:  Using ResourceCalculatorProcessTree : [ ]
2015-09-08 12:07:28,644 INFO org.apache.hadoop.mapred.MapTask: Processing split: file:/home/cloudera/workspace/training/sample.txt:0+529
2015-09-08 12:07:28,914 INFO org.apache.hadoop.mapred.MapTask: (EQUATOR) 0 kvi 26214396(104857584)
2015-09-08 12:07:28,914 INFO org.apache.hadoop.mapred.MapTask: mapreduce.task.io.sort.mb: 100
2015-09-08 12:07:28,914 INFO org.apache.hadoop.mapred.MapTask: soft limit at 83886080
2015-09-08 12:07:28,914 INFO org.apache.hadoop.mapred.MapTask: bufstart = 0; bufvoid = 104857600
2015-09-08 12:07:28,914 INFO org.apache.hadoop.mapred.MapTask: kvstart = 26214396; length = 6553600
2015-09-08 12:07:28,918 INFO org.apache.hadoop.mapred.MapTask: Map output collector class = org.apache.hadoop.mapred.MapTask$MapOutputBuffer
2015-09-08 12:07:28,925 INFO org.apache.hadoop.mapred.LocalJobRunner: 
2015-09-08 12:07:28,925 INFO org.apache.hadoop.mapred.MapTask: Starting flush of map output
2015-09-08 12:07:28,925 INFO org.apache.hadoop.mapred.MapTask: Spilling map output
2015-09-08 12:07:28,925 INFO org.apache.hadoop.mapred.MapTask: bufstart = 0; bufend = 45; bufvoid = 104857600
2015-09-08 12:07:28,925 INFO org.apache.hadoop.mapred.MapTask: kvstart = 26214396(104857584); kvend = 26214380(104857520); length = 17/6553600
2015-09-08 12:07:28,932 INFO org.apache.hadoop.mapred.MapTask: Finished spill 0
2015-09-08 12:07:28,935 INFO org.apache.hadoop.mapred.Task: Task:attempt_local1884166533_0001_m_000000_0 is done. And is in the process of committing
2015-09-08 12:07:28,944 INFO org.apache.hadoop.mapred.LocalJobRunner: map
2015-09-08 12:07:28,944 INFO org.apache.hadoop.mapred.Task: Task 'attempt_local1884166533_0001_m_000000_0' done.
2015-09-08 12:07:28,944 INFO org.apache.hadoop.mapred.LocalJobRunner: Finishing task: attempt_local1884166533_0001_m_000000_0
2015-09-08 12:07:28,944 INFO org.apache.hadoop.mapred.LocalJobRunner: map task executor complete.
2015-09-08 12:07:28,947 INFO org.apache.hadoop.mapred.LocalJobRunner: Waiting for reduce tasks
2015-09-08 12:07:28,947 INFO org.apache.hadoop.mapred.LocalJobRunner: Starting task: attempt_local1884166533_0001_r_000000_0
2015-09-08 12:07:28,953 INFO org.apache.hadoop.mapreduce.lib.output.FileOutputCommitter: File Output Committer Algorithm version is 1
2015-09-08 12:07:28,953 INFO org.apache.hadoop.mapred.Task:  Using ResourceCalculatorProcessTree : [ ]
2015-09-08 12:07:28,958 INFO org.apache.hadoop.mapred.ReduceTask: Using ShuffleConsumerPlugin: org.apache.hadoop.mapreduce.task.reduce.Shuffle@3755530a
2015-09-08 12:07:28,995 INFO org.apache.hadoop.mapreduce.task.reduce.MergeManagerImpl: MergerManager: memoryLimit=681154944, maxSingleShuffleLimit=170288736, mergeThreshold=449562272, ioSortFactor=10, memToMemMergeOutputsThreshold=10
2015-09-08 12:07:29,007 INFO org.apache.hadoop.mapreduce.task.reduce.EventFetcher: attempt_local1884166533_0001_r_000000_0 Thread started: EventFetcher for fetching Map Completion Events
2015-09-08 12:07:29,033 INFO org.apache.hadoop.mapreduce.task.reduce.LocalFetcher: localfetcher#1 about to shuffle output of map attempt_local1884166533_0001_m_000000_0 decomp: 57 len: 61 to MEMORY
2015-09-08 12:07:29,045 INFO org.apache.hadoop.mapreduce.task.reduce.InMemoryMapOutput: Read 57 bytes from map-output for attempt_local1884166533_0001_m_000000_0
2015-09-08 12:07:29,077 INFO org.apache.hadoop.mapreduce.task.reduce.MergeManagerImpl: closeInMemoryFile -> map-output of size: 57, inMemoryMapOutputs.size() -> 1, commitMemory -> 0, usedMemory ->57
2015-09-08 12:07:29,079 INFO org.apache.hadoop.mapreduce.task.reduce.EventFetcher: EventFetcher is interrupted.. Returning
2015-09-08 12:07:29,080 INFO org.apache.hadoop.mapred.LocalJobRunner: 1 / 1 copied.
2015-09-08 12:07:29,080 INFO org.apache.hadoop.mapreduce.task.reduce.MergeManagerImpl: finalMerge called with 1 in-memory map-outputs and 0 on-disk map-outputs
2015-09-08 12:07:29,086 INFO org.apache.hadoop.mapred.Merger: Merging 1 sorted segments
2015-09-08 12:07:29,086 INFO org.apache.hadoop.mapred.Merger: Down to the last merge-pass, with 1 segments left of total size: 50 bytes
2015-09-08 12:07:29,087 INFO org.apache.hadoop.mapreduce.task.reduce.MergeManagerImpl: Merged 1 segments, 57 bytes to disk to satisfy reduce memory limit
2015-09-08 12:07:29,087 INFO org.apache.hadoop.mapreduce.task.reduce.MergeManagerImpl: Merging 1 files, 61 bytes from disk
2015-09-08 12:07:29,088 INFO org.apache.hadoop.mapreduce.task.reduce.MergeManagerImpl: Merging 0 segments, 0 bytes from memory into reduce
2015-09-08 12:07:29,088 INFO org.apache.hadoop.mapred.Merger: Merging 1 sorted segments
2015-09-08 12:07:29,089 INFO org.apache.hadoop.mapred.Merger: Down to the last merge-pass, with 1 segments left of total size: 50 bytes
2015-09-08 12:07:29,089 INFO org.apache.hadoop.mapred.LocalJobRunner: 1 / 1 copied.
2015-09-08 12:07:29,099 INFO org.apache.hadoop.conf.Configuration.deprecation: mapred.skip.on is deprecated. Instead, use mapreduce.job.skiprecords
2015-09-08 12:07:29,105 INFO org.apache.hadoop.mapred.Task: Task:attempt_local1884166533_0001_r_000000_0 is done. And is in the process of committing
2015-09-08 12:07:29,110 INFO org.apache.hadoop.mapred.LocalJobRunner: 1 / 1 copied.
2015-09-08 12:07:29,110 INFO org.apache.hadoop.mapred.Task: Task attempt_local1884166533_0001_r_000000_0 is allowed to commit now
2015-09-08 12:07:29,118 INFO org.apache.hadoop.mapreduce.lib.output.FileOutputCommitter: Saved output of task 'attempt_local1884166533_0001_r_000000_0' to file:/home/cloudera/workspace/training/output.txt/_temporary/0/task_local1884166533_0001_r_000000
2015-09-08 12:07:29,119 INFO org.apache.hadoop.mapred.LocalJobRunner: reduce > reduce
2015-09-08 12:07:29,119 INFO org.apache.hadoop.mapred.Task: Task 'attempt_local1884166533_0001_r_000000_0' done.
2015-09-08 12:07:29,119 INFO org.apache.hadoop.mapred.LocalJobRunner: Finishing task: attempt_local1884166533_0001_r_000000_0
2015-09-08 12:07:29,119 INFO org.apache.hadoop.mapred.LocalJobRunner: reduce task executor complete.
2015-09-08 12:07:29,430 INFO org.apache.hadoop.mapreduce.Job: Job job_local1884166533_0001 running in uber mode : false
2015-09-08 12:07:29,434 INFO org.apache.hadoop.mapreduce.Job:  map 100% reduce 100%
2015-09-08 12:07:29,436 INFO org.apache.hadoop.mapreduce.Job: Job job_local1884166533_0001 completed successfully
2015-09-08 12:07:29,444 INFO org.apache.hadoop.mapreduce.Job: Counters: 33
	File System Counters
		FILE: Number of bytes read=1552
		FILE: Number of bytes written=521244
		FILE: Number of read operations=0
		FILE: Number of large read operations=0
		FILE: Number of write operations=0
	Map-Reduce Framework
		Map input records=5
		Map output records=5
		Map output bytes=45
		Map output materialized bytes=61
		Input split bytes=114
		Combine input records=0
		Combine output records=0
		Reduce input groups=2
		Reduce shuffle bytes=61
		Reduce input records=5
		Reduce output records=2
		Spilled Records=10
		Shuffled Maps =1
		Failed Shuffles=0
		Merged Map outputs=1
		GC time elapsed (ms)=28
		CPU time spent (ms)=0
		Physical memory (bytes) snapshot=0
		Virtual memory (bytes) snapshot=0
		Total committed heap usage (bytes)=331489280
	Shuffle Errors
		BAD_ID=0
		CONNECTION=0
		IO_ERROR=0
		WRONG_LENGTH=0
		WRONG_MAP=0
		WRONG_REDUCE=0
	File Input Format Counters 
		Bytes Read=529
	File Output Format Counters 
		Bytes Written=33
2015-09-08 12:12:07,793 WARN org.apache.hadoop.util.NativeCodeLoader: Unable to load native-hadoop library for your platform... using builtin-java classes where applicable
2015-09-08 12:12:08,207 INFO org.apache.hadoop.conf.Configuration.deprecation: session.id is deprecated. Instead, use dfs.metrics.session-id
2015-09-08 12:12:08,213 INFO org.apache.hadoop.metrics.jvm.JvmMetrics: Initializing JVM Metrics with processName=JobTracker, sessionId=
2015-09-08 12:12:08,936 WARN org.apache.hadoop.mapreduce.JobSubmitter: Hadoop command-line option parsing not performed. Implement the Tool interface and execute your application with ToolRunner to remedy this.
2015-09-08 12:12:08,947 WARN org.apache.hadoop.mapreduce.JobSubmitter: No job jar file set.  User classes may not be found. See Job or Job#setJar(String).
2015-09-08 12:12:08,974 INFO org.apache.hadoop.mapreduce.JobSubmitter: Cleaning up the staging area file:/tmp/hadoop-cloudera/mapred/staging/cloudera833732478/.staging/job_local833732478_0001
2015-09-08 12:12:08,975 WARN org.apache.hadoop.security.UserGroupInformation: PriviledgedActionException as:cloudera (auth:SIMPLE) cause:org.apache.hadoop.mapreduce.lib.input.InvalidInputException: Input path does not exist: file:/home/cloudera/workspace/training/sample.text
2015-09-08 12:12:43,453 WARN org.apache.hadoop.util.NativeCodeLoader: Unable to load native-hadoop library for your platform... using builtin-java classes where applicable
2015-09-08 12:12:43,754 INFO org.apache.hadoop.conf.Configuration.deprecation: session.id is deprecated. Instead, use dfs.metrics.session-id
2015-09-08 12:12:43,755 INFO org.apache.hadoop.metrics.jvm.JvmMetrics: Initializing JVM Metrics with processName=JobTracker, sessionId=
2015-09-08 12:12:44,400 WARN org.apache.hadoop.mapreduce.JobSubmitter: Hadoop command-line option parsing not performed. Implement the Tool interface and execute your application with ToolRunner to remedy this.
2015-09-08 12:12:44,409 WARN org.apache.hadoop.mapreduce.JobSubmitter: No job jar file set.  User classes may not be found. See Job or Job#setJar(String).
2015-09-08 12:12:44,433 INFO org.apache.hadoop.mapreduce.lib.input.FileInputFormat: Total input paths to process : 1
2015-09-08 12:12:44,471 INFO org.apache.hadoop.mapreduce.JobSubmitter: number of splits:1
2015-09-08 12:12:44,693 INFO org.apache.hadoop.mapreduce.JobSubmitter: Submitting tokens for job: job_local152304422_0001
2015-09-08 12:12:45,107 INFO org.apache.hadoop.mapreduce.Job: The url to track the job: http://localhost:8080/
2015-09-08 12:12:45,108 INFO org.apache.hadoop.mapreduce.Job: Running job: job_local152304422_0001
2015-09-08 12:12:45,109 INFO org.apache.hadoop.mapred.LocalJobRunner: OutputCommitter set in config null
2015-09-08 12:12:45,122 INFO org.apache.hadoop.mapreduce.lib.output.FileOutputCommitter: File Output Committer Algorithm version is 1
2015-09-08 12:12:45,123 INFO org.apache.hadoop.mapred.LocalJobRunner: OutputCommitter is org.apache.hadoop.mapreduce.lib.output.FileOutputCommitter
2015-09-08 12:12:45,232 INFO org.apache.hadoop.mapred.LocalJobRunner: Waiting for map tasks
2015-09-08 12:12:45,234 INFO org.apache.hadoop.mapred.LocalJobRunner: Starting task: attempt_local152304422_0001_m_000000_0
2015-09-08 12:12:45,291 INFO org.apache.hadoop.mapreduce.lib.output.FileOutputCommitter: File Output Committer Algorithm version is 1
2015-09-08 12:12:45,313 INFO org.apache.hadoop.mapred.Task:  Using ResourceCalculatorProcessTree : [ ]
2015-09-08 12:12:45,316 INFO org.apache.hadoop.mapred.MapTask: Processing split: file:/home/cloudera/workspace/training/sample.txt:0+530
2015-09-08 12:12:45,454 INFO org.apache.hadoop.mapred.MapTask: (EQUATOR) 0 kvi 26214396(104857584)
2015-09-08 12:12:45,454 INFO org.apache.hadoop.mapred.MapTask: mapreduce.task.io.sort.mb: 100
2015-09-08 12:12:45,454 INFO org.apache.hadoop.mapred.MapTask: soft limit at 83886080
2015-09-08 12:12:45,454 INFO org.apache.hadoop.mapred.MapTask: bufstart = 0; bufvoid = 104857600
2015-09-08 12:12:45,454 INFO org.apache.hadoop.mapred.MapTask: kvstart = 26214396; length = 6553600
2015-09-08 12:12:45,457 INFO org.apache.hadoop.mapred.MapTask: Map output collector class = org.apache.hadoop.mapred.MapTask$MapOutputBuffer
2015-09-08 12:12:45,464 INFO org.apache.hadoop.mapred.LocalJobRunner: 
2015-09-08 12:12:45,465 INFO org.apache.hadoop.mapred.MapTask: Starting flush of map output
2015-09-08 12:12:45,465 INFO org.apache.hadoop.mapred.MapTask: Spilling map output
2015-09-08 12:12:45,465 INFO org.apache.hadoop.mapred.MapTask: bufstart = 0; bufend = 45; bufvoid = 104857600
2015-09-08 12:12:45,465 INFO org.apache.hadoop.mapred.MapTask: kvstart = 26214396(104857584); kvend = 26214380(104857520); length = 17/6553600
2015-09-08 12:12:45,472 INFO org.apache.hadoop.mapred.MapTask: Finished spill 0
2015-09-08 12:12:45,475 INFO org.apache.hadoop.mapred.Task: Task:attempt_local152304422_0001_m_000000_0 is done. And is in the process of committing
2015-09-08 12:12:45,485 INFO org.apache.hadoop.mapred.LocalJobRunner: map
2015-09-08 12:12:45,489 INFO org.apache.hadoop.mapred.Task: Task 'attempt_local152304422_0001_m_000000_0' done.
2015-09-08 12:12:45,489 INFO org.apache.hadoop.mapred.LocalJobRunner: Finishing task: attempt_local152304422_0001_m_000000_0
2015-09-08 12:12:45,490 INFO org.apache.hadoop.mapred.LocalJobRunner: map task executor complete.
2015-09-08 12:12:45,492 INFO org.apache.hadoop.mapred.LocalJobRunner: Waiting for reduce tasks
2015-09-08 12:12:45,492 INFO org.apache.hadoop.mapred.LocalJobRunner: Starting task: attempt_local152304422_0001_r_000000_0
2015-09-08 12:12:45,498 INFO org.apache.hadoop.mapreduce.lib.output.FileOutputCommitter: File Output Committer Algorithm version is 1
2015-09-08 12:12:45,498 INFO org.apache.hadoop.mapred.Task:  Using ResourceCalculatorProcessTree : [ ]
2015-09-08 12:12:45,503 INFO org.apache.hadoop.mapred.ReduceTask: Using ShuffleConsumerPlugin: org.apache.hadoop.mapreduce.task.reduce.Shuffle@630f83c9
2015-09-08 12:12:45,522 INFO org.apache.hadoop.mapreduce.task.reduce.MergeManagerImpl: MergerManager: memoryLimit=681154944, maxSingleShuffleLimit=170288736, mergeThreshold=449562272, ioSortFactor=10, memToMemMergeOutputsThreshold=10
2015-09-08 12:12:45,529 INFO org.apache.hadoop.mapreduce.task.reduce.EventFetcher: attempt_local152304422_0001_r_000000_0 Thread started: EventFetcher for fetching Map Completion Events
2015-09-08 12:12:45,562 INFO org.apache.hadoop.mapreduce.task.reduce.LocalFetcher: localfetcher#1 about to shuffle output of map attempt_local152304422_0001_m_000000_0 decomp: 57 len: 61 to MEMORY
2015-09-08 12:12:45,566 INFO org.apache.hadoop.mapreduce.task.reduce.InMemoryMapOutput: Read 57 bytes from map-output for attempt_local152304422_0001_m_000000_0
2015-09-08 12:12:45,603 INFO org.apache.hadoop.mapreduce.task.reduce.MergeManagerImpl: closeInMemoryFile -> map-output of size: 57, inMemoryMapOutputs.size() -> 1, commitMemory -> 0, usedMemory ->57
2015-09-08 12:12:45,604 INFO org.apache.hadoop.mapreduce.task.reduce.EventFetcher: EventFetcher is interrupted.. Returning
2015-09-08 12:12:45,605 INFO org.apache.hadoop.mapred.LocalJobRunner: 1 / 1 copied.
2015-09-08 12:12:45,606 INFO org.apache.hadoop.mapreduce.task.reduce.MergeManagerImpl: finalMerge called with 1 in-memory map-outputs and 0 on-disk map-outputs
2015-09-08 12:12:45,615 INFO org.apache.hadoop.mapred.Merger: Merging 1 sorted segments
2015-09-08 12:12:45,619 INFO org.apache.hadoop.mapred.Merger: Down to the last merge-pass, with 1 segments left of total size: 50 bytes
2015-09-08 12:12:45,620 INFO org.apache.hadoop.mapreduce.task.reduce.MergeManagerImpl: Merged 1 segments, 57 bytes to disk to satisfy reduce memory limit
2015-09-08 12:12:45,620 INFO org.apache.hadoop.mapreduce.task.reduce.MergeManagerImpl: Merging 1 files, 61 bytes from disk
2015-09-08 12:12:45,621 INFO org.apache.hadoop.mapreduce.task.reduce.MergeManagerImpl: Merging 0 segments, 0 bytes from memory into reduce
2015-09-08 12:12:45,621 INFO org.apache.hadoop.mapred.Merger: Merging 1 sorted segments
2015-09-08 12:12:45,621 INFO org.apache.hadoop.mapred.Merger: Down to the last merge-pass, with 1 segments left of total size: 50 bytes
2015-09-08 12:12:45,622 INFO org.apache.hadoop.mapred.LocalJobRunner: 1 / 1 copied.
2015-09-08 12:12:45,627 INFO org.apache.hadoop.conf.Configuration.deprecation: mapred.skip.on is deprecated. Instead, use mapreduce.job.skiprecords
2015-09-08 12:12:45,641 INFO org.apache.hadoop.mapred.Task: Task:attempt_local152304422_0001_r_000000_0 is done. And is in the process of committing
2015-09-08 12:12:45,650 INFO org.apache.hadoop.mapred.LocalJobRunner: 1 / 1 copied.
2015-09-08 12:12:45,650 INFO org.apache.hadoop.mapred.Task: Task attempt_local152304422_0001_r_000000_0 is allowed to commit now
2015-09-08 12:12:45,651 INFO org.apache.hadoop.mapreduce.lib.output.FileOutputCommitter: Saved output of task 'attempt_local152304422_0001_r_000000_0' to file:/home/cloudera/workspace/training/output/_temporary/0/task_local152304422_0001_r_000000
2015-09-08 12:12:45,655 INFO org.apache.hadoop.mapred.LocalJobRunner: reduce > reduce
2015-09-08 12:12:45,655 INFO org.apache.hadoop.mapred.Task: Task 'attempt_local152304422_0001_r_000000_0' done.
2015-09-08 12:12:45,655 INFO org.apache.hadoop.mapred.LocalJobRunner: Finishing task: attempt_local152304422_0001_r_000000_0
2015-09-08 12:12:45,655 INFO org.apache.hadoop.mapred.LocalJobRunner: reduce task executor complete.
2015-09-08 12:12:46,112 INFO org.apache.hadoop.mapreduce.Job: Job job_local152304422_0001 running in uber mode : false
2015-09-08 12:12:46,114 INFO org.apache.hadoop.mapreduce.Job:  map 100% reduce 100%
2015-09-08 12:12:46,115 INFO org.apache.hadoop.mapreduce.Job: Job job_local152304422_0001 completed successfully
2015-09-08 12:12:46,124 INFO org.apache.hadoop.mapreduce.Job: Counters: 33
	File System Counters
		FILE: Number of bytes read=1554
		FILE: Number of bytes written=518472
		FILE: Number of read operations=0
		FILE: Number of large read operations=0
		FILE: Number of write operations=0
	Map-Reduce Framework
		Map input records=5
		Map output records=5
		Map output bytes=45
		Map output materialized bytes=61
		Input split bytes=114
		Combine input records=0
		Combine output records=0
		Reduce input groups=2
		Reduce shuffle bytes=61
		Reduce input records=5
		Reduce output records=2
		Spilled Records=10
		Shuffled Maps =1
		Failed Shuffles=0
		Merged Map outputs=1
		GC time elapsed (ms)=30
		CPU time spent (ms)=0
		Physical memory (bytes) snapshot=0
		Virtual memory (bytes) snapshot=0
		Total committed heap usage (bytes)=331489280
	Shuffle Errors
		BAD_ID=0
		CONNECTION=0
		IO_ERROR=0
		WRONG_LENGTH=0
		WRONG_MAP=0
		WRONG_REDUCE=0
	File Input Format Counters 
		Bytes Read=530
	File Output Format Counters 
		Bytes Written=33
